Namespace(batch_size=32, dataset='modelnet40', epochs=200, eval=False, exp_name='curvenet_cls_1', lr=0.001, model_path='', momentum=0.9, no_cuda=False, num_points=1024, scheduler='cos', test_batch_size=16, use_sgd=True)
random seed is: 7923
Using GPU : 0 from 1 devices
Let's use1GPUs!
Use SGD
Train 0, loss: 2.557795, train acc: 0.513335
Test 0, loss: 2.161903, test acc: 0.664506
best: 0.665
Train 1, loss: 2.184428, train acc: 0.661136
Test 1, loss: 2.052871, test acc: 0.663290
best: 0.665
Train 2, loss: 1.999780, train acc: 0.727504
Test 2, loss: 1.851507, test acc: 0.773906
best: 0.774
Train 3, loss: 1.909400, train acc: 0.761095
Test 3, loss: 1.752360, test acc: 0.821718
best: 0.822
Train 4, loss: 1.844456, train acc: 0.790106
Test 4, loss: 1.756451, test acc: 0.815235
best: 0.822
Train 5, loss: 1.821961, train acc: 0.795399
Test 5, loss: 1.716598, test acc: 0.832658
best: 0.833
Train 6, loss: 1.786260, train acc: 0.815147
Test 6, loss: 1.704937, test acc: 0.837115
best: 0.837
Train 7, loss: 1.759514, train acc: 0.822577
Test 7, loss: 1.655578, test acc: 0.858185
best: 0.858
Train 8, loss: 1.734586, train acc: 0.832146
Test 8, loss: 1.697121, test acc: 0.839951
best: 0.858
Train 9, loss: 1.722223, train acc: 0.834792
Test 9, loss: 1.619260, test acc: 0.871151
best: 0.871
Train 10, loss: 1.691952, train acc: 0.853420
Test 10, loss: 1.629561, test acc: 0.872366
best: 0.872
Train 11, loss: 1.687081, train acc: 0.851893
Test 11, loss: 1.586224, test acc: 0.886548
best: 0.887
Train 12, loss: 1.681165, train acc: 0.855965
Test 12, loss: 1.595519, test acc: 0.878039
best: 0.887
Train 13, loss: 1.668390, train acc: 0.858612
Test 13, loss: 1.588251, test acc: 0.884522
best: 0.887
Train 14, loss: 1.655850, train acc: 0.865228
Test 14, loss: 1.590149, test acc: 0.889384
best: 0.889
Train 15, loss: 1.642772, train acc: 0.869707
Test 15, loss: 1.626079, test acc: 0.854133
best: 0.889
Train 16, loss: 1.643656, train acc: 0.869198
Test 16, loss: 1.597033, test acc: 0.883712
best: 0.889
Train 17, loss: 1.636994, train acc: 0.870012
Test 17, loss: 1.606794, test acc: 0.880065
best: 0.889
Train 18, loss: 1.619792, train acc: 0.882533
Test 18, loss: 1.601431, test acc: 0.881686
best: 0.889
Train 19, loss: 1.621635, train acc: 0.878563
Test 19, loss: 1.583873, test acc: 0.883712
best: 0.889
Train 20, loss: 1.616083, train acc: 0.881107
Test 20, loss: 1.559932, test acc: 0.901135
best: 0.901
Train 21, loss: 1.604709, train acc: 0.885077
Test 21, loss: 1.568805, test acc: 0.889384
best: 0.901
Train 22, loss: 1.611963, train acc: 0.878461
Test 22, loss: 1.599639, test acc: 0.876823
best: 0.901
Train 23, loss: 1.595589, train acc: 0.889047
Test 23, loss: 1.547742, test acc: 0.898703
best: 0.901
Train 24, loss: 1.604186, train acc: 0.883856
Test 24, loss: 1.570133, test acc: 0.884927
best: 0.901
Train 25, loss: 1.590050, train acc: 0.889454
Test 25, loss: 1.543398, test acc: 0.904376
best: 0.904
Train 26, loss: 1.580711, train acc: 0.894035
